<?xml version="1.0" encoding="UTF-8"?>
<testng-results ignored="0" total="1" passed="1" failed="0" skipped="0">
  <reporter-output>
  </reporter-output>
  <suite started-at="2024-06-18T10:41:42 IST" name="Default suite" finished-at="2024-06-18T10:41:57 IST" duration-ms="15500">
    <groups>
    </groups>
    <test started-at="2024-06-18T10:41:42 IST" name="Default test" finished-at="2024-06-18T10:41:57 IST" duration-ms="15500">
      <class name="tests.FliterProductTest">
        <test-method is-config="true" signature="setUp()[pri:0, instance:tests.FliterProductTest@db44aa2]" started-at="2024-06-18T10:41:42 IST" name="setUp" finished-at="2024-06-18T10:41:50 IST" duration-ms="7936" status="PASS">
          <reporter-output>
          </reporter-output>
        </test-method> <!-- setUp -->
        <test-method signature="FilterProduct()[pri:0, instance:tests.FliterProductTest@db44aa2]" started-at="2024-06-18T10:41:50 IST" name="FilterProduct" finished-at="2024-06-18T10:41:56 IST" duration-ms="6873" status="PASS">
          <reporter-output>
          </reporter-output>
        </test-method> <!-- FilterProduct -->
        <test-method is-config="true" signature="tearDown()[pri:0, instance:tests.FliterProductTest@db44aa2]" started-at="2024-06-18T10:41:56 IST" name="tearDown" finished-at="2024-06-18T10:41:57 IST" duration-ms="619" status="PASS">
          <reporter-output>
          </reporter-output>
        </test-method> <!-- tearDown -->
      </class> <!-- tests.FliterProductTest -->
    </test> <!-- Default test -->
  </suite> <!-- Default suite -->
</testng-results>
